 
****************************************
Report : timing
        -path full
        -delay max
        -max_paths 1
Design : rf
Version: I-2013.12
Date   : Wed Feb  5 09:52:29 2020
****************************************

Operating Conditions: TYPICAL   Library: saed90nm_typ
Wire Load Model Mode: enclosed

  Startpoint: rd_addrA[1]
              (input port clocked by clk)
  Endpoint: rd_dataA[5]
            (output port clocked by clk)
  Path Group: clk
  Path Type: max

  Des/Clust/Port     Wire Load Model       Library
  ------------------------------------------------
  rf                 70000                 saed90nm_typ

  Point                                    Incr       Path
  -----------------------------------------------------------
  clock clk (rise edge)                    0.00       0.00
  clock network delay (ideal)              0.00       0.00
  input external delay                     3.00       3.00 f
  rd_addrA[1] (in)                         0.00       3.00 f
  U1137/ZN (INVX0)                         0.13       3.13 r
  U1271/ZN (INVX0)                         0.23       3.36 f
  U1494/QN (NAND2X1)                       0.05       3.40 r
  U2036/Q (MUX21X1)                        0.09       3.49 r
  U1595/QN (NAND2X1)                       0.03       3.52 f
  U1722/Q (MUX41X1)                        0.11       3.63 f
  U1723/Q (MUX21X1)                        0.07       3.70 f
  rd_dataA[5] (out)                        0.00       3.70 f
  data arrival time                                   3.70

  clock clk (rise edge)                   10.00      10.00
  clock network delay (ideal)              0.00      10.00
  clock uncertainty                       -1.50       8.50
  output external delay                   -3.00       5.50
  data required time                                  5.50
  -----------------------------------------------------------
  data required time                                  5.50
  data arrival time                                  -3.70
  -----------------------------------------------------------
  slack (MET)                                         1.80


1
